app/build/outputs/logs/manifest-merger-release-report.txt
-- Merging decision tree log ---
manifest
ADDED from src\main\AndroidManifest.xml:2:1-66:12
INJECTED from src\main\AndroidManifest.xml:2:1-66:12
MERGED from [com.android.support:appcompat-v7:25.0.1] AndroidManifest.xml:17:1-27:12
MERGED from [com.android.support.constraint:constraint-layout:1.0.2] AndroidManifest.xml:2:1-11:12
MERGED from [com.android.support:support-v4:25.0.1] AndroidManifest.xml:17:1-27:12
MERGED from [com.android.support:animated-vector-drawable:25.0.1] AndroidManifest.xml:17:1-24:12
MERGED from [com.android.support:support-vector-drawable:25.0.1] AndroidManifest.xml:17:1-25:12
MERGED from [com.android.support:support-fragment:25.0.1] AndroidManifest.xml:17:1-27:12
MERGED from [com.android.support:support-media-compat:25.0.1] AndroidManifest.xml:17:1-27:12
MERGED from [com.android.support:support-core-utils:25.0.1] AndroidManifest.xml:17:1-27:12
MERGED from [com.android.support:support-core-ui:25.0.1] AndroidManifest.xml:17:1-27:12
MERGED from [com.android.support:support-compat:25.0.1] AndroidManifest.xml:17:1-27:12
INJECTED from src\main\AndroidManifest.xml:2:1-66:12
	package
		ADDED from src\main\AndroidManifest.xml:3:5-43
		INJECTED from src\main\AndroidManifest.xml
		INJECTED from src\main\AndroidManifest.xml
	android:versionName
		ADDED from src\main\AndroidManifest.xml:5:5-30
	xmlns:android
		ADDED from src\main\AndroidManifest.xml:2:11-69
	android:versionCode
		ADDED from src\main\AndroidManifest.xml:4:5-28
uses-sdk
ADDED from src\main\AndroidManifest.xml:7:5-9:41
INJECTED from src\main\AndroidManifest.xml:7:5-9:41
INJECTED from src\main\AndroidManifest.xml:7:5-9:41
MERGED from [com.android.support:appcompat-v7:25.0.1] AndroidManifest.xml:21:5-23:78
MERGED from [com.android.support:appcompat-v7:25.0.1] AndroidManifest.xml:21:5-23:78
MERGED from [com.android.support.constraint:constraint-layout:1.0.2] AndroidManifest.xml:5:5-7:41
MERGED from [com.android.support.constraint:constraint-layout:1.0.2] AndroidManifest.xml:5:5-7:41
MERGED from [com.android.support:support-v4:25.0.1] AndroidManifest.xml:21:5-23:54
MERGED from [com.android.support:support-v4:25.0.1] AndroidManifest.xml:21:5-23:54
MERGED from [com.android.support:animated-vector-drawable:25.0.1] AndroidManifest.xml:20:5-44
MERGED from [com.android.support:animated-vector-drawable:25.0.1] AndroidManifest.xml:20:5-44
MERGED from [com.android.support:support-vector-drawable:25.0.1] AndroidManifest.xml:21:5-43
MERGED from [com.android.support:support-vector-drawable:25.0.1] AndroidManifest.xml:21:5-43
MERGED from [com.android.support:support-fragment:25.0.1] AndroidManifest.xml:21:5-23:60
MERGED from [com.android.support:support-fragment:25.0.1] AndroidManifest.xml:21:5-23:60
MERGED from [com.android.support:support-media-compat:25.0.1] AndroidManifest.xml:21:5-23:63
MERGED from [com.android.support:support-media-compat:25.0.1] AndroidManifest.xml:21:5-23:63
MERGED from [com.android.support:support-core-utils:25.0.1] AndroidManifest.xml:21:5-23:61
MERGED from [com.android.support:support-core-utils:25.0.1] AndroidManifest.xml:21:5-23:61
MERGED from [com.android.support:support-core-ui:25.0.1] AndroidManifest.xml:21:5-23:58
MERGED from [com.android.support:support-core-ui:25.0.1] AndroidManifest.xml:21:5-23:58
MERGED from [com.android.support:support-compat:25.0.1] AndroidManifest.xml:21:5-23:58
MERGED from [com.android.support:support-compat:25.0.1] AndroidManifest.xml:21:5-23:58
INJECTED from src\main\AndroidManifest.xml:7:5-9:41
INJECTED from src\main\AndroidManifest.xml:7:5-9:41
	tools:overrideLibrary
		ADDED from [com.android.support:appcompat-v7:25.0.1] AndroidManifest.xml:23:9-75
	android:targetSdkVersion
		ADDED from src\main\AndroidManifest.xml:9:9-38
		INJECTED from src\main\AndroidManifest.xml
		INJECTED from src\main\AndroidManifest.xml
	android:minSdkVersion
		ADDED from src\main\AndroidManifest.xml:8:9-34
		INJECTED from src\main\AndroidManifest.xml
		INJECTED from src\main\AndroidManifest.xml
uses-permission#android.permission.CAMERA
ADDED from src\main\AndroidManifest.xml:10:5-64
	android:name
		ADDED from src\main\AndroidManifest.xml:10:22-62
uses-permission#android.permission.MOUNT_UNMOUNT_FILESYSTEMS
ADDED from src\main\AndroidManifest.xml:11:5-83
	android:name
		ADDED from src\main\AndroidManifest.xml:11:22-81
uses-permission#android.permission.WRITE_EXTERNAL_STORAGE
ADDED from src\main\AndroidManifest.xml:12:5-80
	android:name
		ADDED from src\main\AndroidManifest.xml:12:22-78
uses-permission#android.permission.RECORD_AUDIO
ADDED from src\main\AndroidManifest.xml:13:5-70
	android:name
		ADDED from src\main\AndroidManifest.xml:13:22-68
uses-permission#android.permission.SEND_SMS
ADDED from src\main\AndroidManifest.xml:14:5-66
	android:name
		ADDED from src\main\AndroidManifest.xml:14:22-64
uses-permission#android.permission.CALL_PHONE
ADDED from src\main\AndroidManifest.xml:15:5-68
	android:name
		ADDED from src\main\AndroidManifest.xml:15:22-66
uses-feature#android.hardware.camera
ADDED from src\main\AndroidManifest.xml:16:5-59
	android:name
		ADDED from src\main\AndroidManifest.xml:16:19-57
uses-feature#android.hardware.camera.autofocus
ADDED from src\main\AndroidManifest.xml:17:5-70
	android:name
		ADDED from src\main\AndroidManifest.xml:17:19-67
uses-permission#android.permission.FLASHLIGHT
ADDED from src\main\AndroidManifest.xml:18:5-68
	android:name
		ADDED from src\main\AndroidManifest.xml:18:22-66
uses-permission#android.permission.READ_PHONE_STATE
ADDED from src\main\AndroidManifest.xml:19:5-74
	android:name
		ADDED from src\main\AndroidManifest.xml:19:22-72
uses-permission#android.permission.INTERNET
ADDED from src\main\AndroidManifest.xml:21:5-67
	android:name
		ADDED from src\main\AndroidManifest.xml:21:22-64
uses-permission#android.permission.ACCESS_NETWORK_STATE
ADDED from src\main\AndroidManifest.xml:22:5-79
	android:name
		ADDED from src\main\AndroidManifest.xml:22:22-76
uses-permission#android.permission.KILL_BACKGROUND_PROCESSES
ADDED from src\main\AndroidManifest.xml:23:5-83
	android:name
		ADDED from src\main\AndroidManifest.xml:23:22-81
application
ADDED from src\main\AndroidManifest.xml:25:5-65:19
MERGED from [com.android.support:appcompat-v7:25.0.1] AndroidManifest.xml:25:5-20
MERGED from [com.android.support:appcompat-v7:25.0.1] AndroidManifest.xml:25:5-20
MERGED from [com.android.support.constraint:constraint-layout:1.0.2] AndroidManifest.xml:9:5-20
MERGED from [com.android.support.constraint:constraint-layout:1.0.2] AndroidManifest.xml:9:5-20
MERGED from [com.android.support:support-v4:25.0.1] AndroidManifest.xml:25:5-20
MERGED from [com.android.support:support-v4:25.0.1] AndroidManifest.xml:25:5-20
MERGED from [com.android.support:animated-vector-drawable:25.0.1] AndroidManifest.xml:22:5-20
MERGED from [com.android.support:animated-vector-drawable:25.0.1] AndroidManifest.xml:22:5-20
MERGED from [com.android.support:support-vector-drawable:25.0.1] AndroidManifest.xml:23:5-20
MERGED from [com.android.support:support-vector-drawable:25.0.1] AndroidManifest.xml:23:5-20
MERGED from [com.android.support:support-fragment:25.0.1] AndroidManifest.xml:25:5-20
MERGED from [com.android.support:support-fragment:25.0.1] AndroidManifest.xml:25:5-20
MERGED from [com.android.support:support-media-compat:25.0.1] AndroidManifest.xml:25:5-20
MERGED from [com.android.support:support-media-compat:25.0.1] AndroidManifest.xml:25:5-20
MERGED from [com.android.support:support-core-utils:25.0.1] AndroidManifest.xml:25:5-20
MERGED from [com.android.support:support-core-utils:25.0.1] AndroidManifest.xml:25:5-20
MERGED from [com.android.support:support-core-ui:25.0.1] AndroidManifest.xml:25:5-20
MERGED from [com.android.support:support-core-ui:25.0.1] AndroidManifest.xml:25:5-20
MERGED from [com.android.support:support-compat:25.0.1] AndroidManifest.xml:25:5-20
MERGED from [com.android.support:support-compat:25.0.1] AndroidManifest.xml:25:5-20
	android:sharedUserId
		ADDED from src\main\AndroidManifest.xml:30:9-50
	android:label
		ADDED from src\main\AndroidManifest.xml:28:9-41
	android:icon
		ADDED from src\main\AndroidManifest.xml:27:9-39
	android:allowBackup
		ADDED from src\main\AndroidManifest.xml:26:9-35
	android:theme
		ADDED from src\main\AndroidManifest.xml:29:9-39
activity#cn.hxc.imgrecognition.MainActivity
ADDED from src\main\AndroidManifest.xml:31:9-41:20
	android:screenOrientation
		ADDED from src\main\AndroidManifest.xml:35:13-49
	android:label
		ADDED from src\main\AndroidManifest.xml:33:13-45
	android:launchMode
		ADDED from src\main\AndroidManifest.xml:34:13-44
	android:name
		ADDED from src\main\AndroidManifest.xml:32:13-62
intent-filter#android.intent.action.MAIN+android.intent.category.LAUNCHER
ADDED from src\main\AndroidManifest.xml:37:13-40:29
action#android.intent.action.MAIN
ADDED from src\main\AndroidManifest.xml:38:17-120
	android:theme
		ADDED from src\main\AndroidManifest.xml:38:67-117
	android:name
		ADDED from src\main\AndroidManifest.xml:38:25-66
category#android.intent.category.LAUNCHER
ADDED from src\main\AndroidManifest.xml:39:17-77
	android:name
		ADDED from src\main\AndroidManifest.xml:39:27-74
activity#cn.hxc.imgrecognition.inputInformationBlist
ADDED from src\main\AndroidManifest.xml:43:9-147
	android:screenOrientation
		ADDED from src\main\AndroidManifest.xml:43:99-135
	android:label
		ADDED from src\main\AndroidManifest.xml:43:78-98
	android:name
		ADDED from src\main\AndroidManifest.xml:43:19-77
activity#cn.hxc.imgrecognition.queryLocInfor
ADDED from src\main\AndroidManifest.xml:44:9-139
	android:screenOrientation
		ADDED from src\main\AndroidManifest.xml:44:91-127
	android:label
		ADDED from src\main\AndroidManifest.xml:44:70-90
	android:name
		ADDED from src\main\AndroidManifest.xml:44:19-69
activity#cn.hxc.imgrecognition.blackList
ADDED from src\main\AndroidManifest.xml:45:9-136
	android:screenOrientation
		ADDED from src\main\AndroidManifest.xml:45:88-124
	android:label
		ADDED from src\main\AndroidManifest.xml:45:66-87
	android:name
		ADDED from src\main\AndroidManifest.xml:45:19-65
activity#cn.hxc.imgrecognition.set
ADDED from src\main\AndroidManifest.xml:46:9-127
	android:screenOrientation
		ADDED from src\main\AndroidManifest.xml:46:79-115
	android:label
		ADDED from src\main\AndroidManifest.xml:46:60-78
	android:name
		ADDED from src\main\AndroidManifest.xml:46:19-59
activity#cn.hxc.imgrecognition.savecandidate
ADDED from src\main\AndroidManifest.xml:47:9-140
	android:screenOrientation
		ADDED from src\main\AndroidManifest.xml:47:92-128
	android:label
		ADDED from src\main\AndroidManifest.xml:47:70-91
	android:name
		ADDED from src\main\AndroidManifest.xml:47:19-69
activity#cn.hxc.imgrecognition.chooseImage
ADDED from src\main\AndroidManifest.xml:48:9-138
	android:screenOrientation
		ADDED from src\main\AndroidManifest.xml:48:90-126
	android:label
		ADDED from src\main\AndroidManifest.xml:48:68-89
	android:name
		ADDED from src\main\AndroidManifest.xml:48:19-67
activity#cn.hxc.imgrecognition.processActivity
ADDED from src\main\AndroidManifest.xml:49:9-141
	android:screenOrientation
		ADDED from src\main\AndroidManifest.xml:49:93-129
	android:label
		ADDED from src\main\AndroidManifest.xml:49:72-92
	android:name
		ADDED from src\main\AndroidManifest.xml:49:19-71
activity#cn.hxc.imgrecognition.inputInformation
ADDED from src\main\AndroidManifest.xml:50:9-142
	android:screenOrientation
		ADDED from src\main\AndroidManifest.xml:50:94-130
	android:label
		ADDED from src\main\AndroidManifest.xml:50:73-93
	android:name
		ADDED from src\main\AndroidManifest.xml:50:19-72
activity#cn.hxc.imgrecognition.queryDBInfor
ADDED from src\main\AndroidManifest.xml:51:9-138
	android:screenOrientation
		ADDED from src\main\AndroidManifest.xml:51:90-126
	android:label
		ADDED from src\main\AndroidManifest.xml:51:69-89
	android:name
		ADDED from src\main\AndroidManifest.xml:51:19-68
activity#cn.hxc.imgrecognition.findPassword
ADDED from src\main\AndroidManifest.xml:52:9-138
	android:screenOrientation
		ADDED from src\main\AndroidManifest.xml:52:90-126
	android:label
		ADDED from src\main\AndroidManifest.xml:52:69-89
	android:name
		ADDED from src\main\AndroidManifest.xml:52:19-68
activity#cn.hxc.imgrecognition.forgetPassword
ADDED from src\main\AndroidManifest.xml:53:9-140
	android:screenOrientation
		ADDED from src\main\AndroidManifest.xml:53:92-128
	android:label
		ADDED from src\main\AndroidManifest.xml:53:71-91
	android:name
		ADDED from src\main\AndroidManifest.xml:53:19-70
activity#cn.hxc.imgrecognition.BlistCompare
ADDED from src\main\AndroidManifest.xml:54:9-139
	android:screenOrientation
		ADDED from src\main\AndroidManifest.xml:54:91-127
	android:label
		ADDED from src\main\AndroidManifest.xml:54:69-90
	android:name
		ADDED from src\main\AndroidManifest.xml:54:19-68
activity#cn.hxc.imgrecognition.takePhoto
ADDED from src\main\AndroidManifest.xml:56:9-64:20
	android:screenOrientation
		ADDED from src\main\AndroidManifest.xml:58:47-83
	android:label
		ADDED from src\main\AndroidManifest.xml:56:66-91
	android:launchMode
		ADDED from src\main\AndroidManifest.xml:58:16-46
	android:configChanges
		ADDED from src\main\AndroidManifest.xml:57:17-137
	android:name
		ADDED from src\main\AndroidManifest.xml:56:19-65
intent-filter#android.intent.action.SRICamera+android.intent.category.DEFAULT
ADDED from src\main\AndroidManifest.xml:60:13-63:29
action#android.intent.action.SRICamera
ADDED from src\main\AndroidManifest.xml:61:13-69
	android:name
		ADDED from src\main\AndroidManifest.xml:61:21-67
category#android.intent.category.DEFAULT
ADDED from src\main\AndroidManifest.xml:62:13-71
	android:name
		ADDED from src\main\AndroidManifest.xml:62:23-69